<?xml version="1.0" encoding="UTF-8"?>
<testsuite name="com.portfolio_kaenan.demo.BDtests.ProjectsServiceTest" tests="3" skipped="0" failures="0" errors="0" timestamp="2026-01-16T22:36:52.361Z" hostname="KAENAN-NOTEBOOK" time="0.972">
  <properties/>
  <testcase name="findById_shouldReturnEmptyOptional_whenIdDoesNotExist()" classname="com.portfolio_kaenan.demo.BDtests.ProjectsServiceTest" time="0.931"/>
  <testcase name="findTagsByProjectId_shouldReturnTagsList_whenSuccessful()" classname="com.portfolio_kaenan.demo.BDtests.ProjectsServiceTest" time="0.012"/>
  <testcase name="save_shouldReturnSavedProject_whenSuccessful()" classname="com.portfolio_kaenan.demo.BDtests.ProjectsServiceTest" time="0.025"/>
  <system-out><![CDATA[]]></system-out>
  <system-err><![CDATA[]]></system-err>
</testsuite>
